\BOOKMARK [0][-]{chapter.1}{Functional safety in embedded systems}{}% 1
\BOOKMARK [0][-]{chapter.2}{Cortex R additions over cortex M}{}% 2
\BOOKMARK [0][-]{chapter.3}{FreeRTOS functional safety additions}{}% 3
\BOOKMARK [1][-]{section.3.1}{Timed tasks}{chapter.3}% 4
\BOOKMARK [2][-]{subsection.3.1.1}{Limitiations}{section.3.1}% 5
\BOOKMARK [1][-]{section.3.2}{Replicated tasks}{chapter.3}% 6
\BOOKMARK [2][-]{subsection.3.2.1}{Limitiations}{section.3.2}% 7
\BOOKMARK [1][-]{section.3.3}{Commands reference}{chapter.3}% 8
\BOOKMARK [2][-]{subsection.3.3.1}{xTaskCreateTimed - Creates a timed task.}{section.3.3}% 9
\BOOKMARK [2][-]{subsection.3.3.2}{vTaskTimedReset - Resets the timer of timed task.}{section.3.3}% 10
\BOOKMARK [2][-]{subsection.3.3.3}{xTimerGetTaskHandle - Gets the corresponding timed task handle from the timer handle.}{section.3.3}% 11
\BOOKMARK [2][-]{subsection.3.3.4}{xTaskCreateReplicated - Creates a replicated task.}{section.3.3}% 12
\BOOKMARK [2][-]{subsection.3.3.5}{xTaskSetCompareValue - Sets a compare value for the calling task.}{section.3.3}% 13
\BOOKMARK [2][-]{subsection.3.3.6}{vTaskSyncAndCompare - Syncronizes the replicated tasks and compares compare values.}{section.3.3}% 14
\BOOKMARK [2][-]{subsection.3.3.7}{eTaskGetType - Get the type of the task.}{section.3.3}% 15
\BOOKMARK [2][-]{subsection.3.3.8}{xTimerPause - Pauses the timer.}{section.3.3}% 16
\BOOKMARK [2][-]{subsection.3.3.9}{xTimerPauseFromISR - Pauses the timer from interrupt service routine.}{section.3.3}% 17
\BOOKMARK [2][-]{subsection.3.3.10}{xTimerResume - Resumes the timer.}{section.3.3}% 18
\BOOKMARK [2][-]{subsection.3.3.11}{xTimerResumeFromISR - Resumes the timer from interrupt service routine.}{section.3.3}% 19
\BOOKMARK [2][-]{subsection.3.3.12}{xTimerIsTimerActiveFromISR - Checks if timer is active from interrupt service routine.}{section.3.3}% 20
\BOOKMARK [0][-]{chapter.4}{Secure bootloader}{}% 21
\BOOKMARK [1][-]{section.4.1}{What is a bootloader?}{chapter.4}% 22
\BOOKMARK [1][-]{section.4.2}{Developed bootloader overview}{chapter.4}% 23
\BOOKMARK [1][-]{section.4.3}{The bootloader's architecture}{chapter.4}% 24
\BOOKMARK [1][-]{section.4.4}{Flash memory organization}{chapter.4}% 25
\BOOKMARK [1][-]{section.4.5}{Application boot record}{chapter.4}% 26
\BOOKMARK [1][-]{section.4.6}{User application modifications}{chapter.4}% 27
\BOOKMARK [1][-]{section.4.7}{Command reference}{chapter.4}% 28
\BOOKMARK [2][-]{subsection.4.7.1}{version - Gets a version of the bootloader.}{section.4.7}% 29
\BOOKMARK [2][-]{subsection.4.7.2}{help - Makes life easier.}{section.4.7}% 30
\BOOKMARK [2][-]{subsection.4.7.3}{reset - Resets the microcontroller.}{section.4.7}% 31
\BOOKMARK [2][-]{subsection.4.7.4}{cid - Gets chip identification number.}{section.4.7}% 32
\BOOKMARK [2][-]{subsection.4.7.5}{get-rdp-level - Gets read protection }{section.4.7}% 33
\BOOKMARK [2][-]{subsection.4.7.6}{jump-to - Jumps to a requested address.}{section.4.7}% 34
\BOOKMARK [2][-]{subsection.4.7.7}{flash-erase - Erases flash memory.}{section.4.7}% 35
\BOOKMARK [2][-]{subsection.4.7.8}{flash-write - Writes to flash memory.}{section.4.7}% 36
\BOOKMARK [2][-]{subsection.4.7.9}{mem-read - Read bytes from memory.}{section.4.7}% 37
\BOOKMARK [2][-]{subsection.4.7.10}{update-act - Updates active application from new application memory area.}{section.4.7}% 38
\BOOKMARK [2][-]{subsection.4.7.11}{update-new - Updates new application.}{section.4.7}% 39
\BOOKMARK [2][-]{subsection.4.7.12}{en-write-prot - Enables write protection per sector.}{section.4.7}% 40
\BOOKMARK [2][-]{subsection.4.7.13}{dis-write-prot - Disables write protection per sector.}{section.4.7}% 41
\BOOKMARK [2][-]{subsection.4.7.14}{get-write-prot - Returns bit array of sector write protection.}{section.4.7}% 42
\BOOKMARK [2][-]{subsection.4.7.15}{exit - Exits the bootloader and starts the user application.}{section.4.7}% 43
\BOOKMARK [0][-]{chapter.5}{Conclusion}{}% 44
\BOOKMARK [0][-]{chapter*.9}{Bibliography}{}% 45
